Simulator report for Processor
Fri Aug 01 06:54:59 2008
Version 4.0 Build 214 3/25/2004 Service Pack 1 SJ Web Edition


---------------------
; Table of Contents ;
---------------------
  1. Legal Notice
  2. Simulator Summary
  3. Simulator Settings
  4. Simulation Waveforms
  5. |Processor|lpm_rom0:Rom|altsyncram:altsyncram_component|altsyncram_14k:auto_generated|ALTSYNCRAM
  6. Simulator INI Usage
  7. Simulator Messages



----------------
; Legal Notice ;
----------------
Copyright (C) 1991-2004 Altera Corporation
Any  megafunction  design,  and related netlist (encrypted  or  decrypted),
support information,  device programming or simulation file,  and any other
associated  documentation or information  provided by  Altera  or a partner
under  Altera's   Megafunction   Partnership   Program  may  be  used  only
to program  PLD  devices (but not masked  PLD  devices) from  Altera.   Any
other  use  of such  megafunction  design,  netlist,  support  information,
device programming or simulation file,  or any other  related documentation
or information  is prohibited  for  any  other purpose,  including, but not
limited to  modification,  reverse engineering,  de-compiling, or use  with
any other  silicon devices,  unless such use is  explicitly  licensed under
a separate agreement with  Altera  or a megafunction partner.  Title to the
intellectual property,  including patents,  copyrights,  trademarks,  trade
secrets,  or maskworks,  embodied in any such megafunction design, netlist,
support  information,  device programming or simulation file,  or any other
related documentation or information provided by  Altera  or a megafunction
partner, remains with Altera, the megafunction partner, or their respective
licensors. No other licenses, including any licenses needed under any third
party's intellectual property, are provided herein.



+--------------------------------------------+
; Simulator Summary                          ;
+---------------------------------------------
; Type                        ; Value        ;
+-----------------------------+--------------+
; Simulation Start Time       ; 0 ps         ;
; Simulation End Time         ; 400.0 ns     ;
; Simulation Netlist Size     ; 157 nodes    ;
; Simulation Coverage         ;      19.31 % ;
; Total Number of Transitions ; 255          ;
+-----------------------------+--------------+


+-------------------------------------------------------------------+
; Simulator Settings                                                ;
+--------------------------------------------------------------------
; Option                                                ; Setting   ;
+-------------------------------------------------------+-----------+
; Simulation mode                                       ; Timing    ;
; Start time                                            ; 0ns       ;
; Add pins automatically to simulation output waveforms ; On        ;
; Check outputs                                         ; Off       ;
; Report simulation coverage                            ; On        ;
; Detect setup and hold time violations                 ; Off       ;
; Detect glitches                                       ; Off       ;
; Estimate power consumption                            ; Off       ;
; USE_COMPILER_SETTINGS                                 ; Processor ;
; Automatically save/load simulation netlist            ; Off       ;
+-------------------------------------------------------+-----------+


+-----------------------+
; Simulation Waveforms  ;
+-----------------------+
Waveform report data cannot be output to ASCII.
Please use Quartus II to view the waveform report data.


+---------------------------------------------------------------------------------------------------+
; |Processor|lpm_rom0:Rom|altsyncram:altsyncram_component|altsyncram_14k:auto_generated|ALTSYNCRAM  ;
+---------------------------------------------------------------------------------------------------+
Memory report data cannot be output to ASCII.
Please use Quartus II to view the memory report data.


+---------------------+
; Simulator INI Usage ;
+----------------------
; Option ; Usage      ;
+--------+------------+


+---------------------+
; Simulator Messages  ;
+---------------------+
Info: *******************************************************************
Info: Running Quartus II Simulator
    Info: Version 4.0 Build 214 3/25/2004 Service Pack 1 SJ Web Edition
    Info: Processing started: Fri Aug 01 06:54:59 2008
Info: Command: quartus_sim --import_settings_files=on --export_settings_files=off Processor -c Processor
Warning: Can't find signal in vector source file for input pin |Processor|rom_en_set
Info: Simulation coverage is      19.31 %
Info: Number of transitions in simulation is 255
Info: Quartus II Simulator was successful. 0 errors, 1 warning
    Info: Processing ended: Fri Aug 01 06:54:59 2008
    Info: Elapsed time: 00:00:00


