Analysis & Synthesis report for Sequencer
Thu Jul 31 18:42:11 2008
Version 4.0 Build 214 3/25/2004 Service Pack 1 SJ Web Edition


---------------------
; Table of Contents ;
---------------------
  1. Legal Notice
  2. Analysis & Synthesis Summary
  3. Analysis & Synthesis Settings
  4. Analysis & Synthesis Default Parameter Settings
  5. Hierarchy
  6. State Machine - state
  7. Analysis & Synthesis Resource Utilization by Entity
  8. Analysis & Synthesis Equations
  9. Analysis & Synthesis Files Read
 10. Analysis & Synthesis Resource Usage Summary
 11. WYSIWYG Cells
 12. General Register Statistics
 13. Analysis & Synthesis Messages



----------------
; Legal Notice ;
----------------
Copyright (C) 1991-2004 Altera Corporation
Any  megafunction  design,  and related netlist (encrypted  or  decrypted),
support information,  device programming or simulation file,  and any other
associated  documentation or information  provided by  Altera  or a partner
under  Altera's   Megafunction   Partnership   Program  may  be  used  only
to program  PLD  devices (but not masked  PLD  devices) from  Altera.   Any
other  use  of such  megafunction  design,  netlist,  support  information,
device programming or simulation file,  or any other  related documentation
or information  is prohibited  for  any  other purpose,  including, but not
limited to  modification,  reverse engineering,  de-compiling, or use  with
any other  silicon devices,  unless such use is  explicitly  licensed under
a separate agreement with  Altera  or a megafunction partner.  Title to the
intellectual property,  including patents,  copyrights,  trademarks,  trade
secrets,  or maskworks,  embodied in any such megafunction design, netlist,
support  information,  device programming or simulation file,  or any other
related documentation or information provided by  Altera  or a megafunction
partner, remains with Altera, the megafunction partner, or their respective
licensors. No other licenses, including any licenses needed under any third
party's intellectual property, are provided herein.



+---------------------------------------------------------------------+
; Analysis & Synthesis Summary                                        ;
+-----------------------------+---------------------------------------+
; Analysis & Synthesis Status ; Successful - Thu Jul 31 18:42:11 2008 ;
; Revision Name               ; Sequencer                             ;
; Top-level Entity Name       ; Sequencer                             ;
; Family                      ; Cyclone                               ;
; Total logic elements        ; 26                                    ;
; Total pins                  ; 17                                    ;
; Total memory bits           ; 0                                     ;
; Total PLLs                  ; 0                                     ;
+-----------------------------+---------------------------------------+


+----------------------------------------------------------------------------------------+
; Analysis & Synthesis Settings                                                          ;
+-----------------------------------------------------------------------------------------
; Option                                                  ; Setting      ; Default Value ;
+---------------------------------------------------------+--------------+---------------+
; Top-level entity name                                   ; Sequencer    ;               ;
; Family name                                             ; Cyclone      ; Stratix       ;
; Auto Resource Sharing                                   ; Off          ; Off           ;
; Auto Shift Register Replacement                         ; On           ; On            ;
; Auto RAM Replacement                                    ; On           ; On            ;
; Auto ROM Replacement                                    ; On           ; On            ;
; Allow register retiming to trade off Tsu/Tco with Fmax  ; On           ; On            ;
; Perform gate-level register retiming                    ; Off          ; Off           ;
; Perform WYSIWYG Primitive Resynthesis                   ; Off          ; Off           ;
; Remove Duplicate Logic                                  ; On           ; On            ;
; Auto Open-Drain Pins                                    ; On           ; On            ;
; Auto Carry Chains                                       ; On           ; On            ;
; Carry Chain Length -- Stratix/Stratix GX/Cyclone/MAX II ; 70           ; 70            ;
; Optimization Technique -- Cyclone                       ; Balanced     ; Balanced      ;
; Auto Global Register Control Signals                    ; On           ; On            ;
; Auto Global Clock                                       ; On           ; On            ;
; Limit AHDL Integers to 32 Bits                          ; Off          ; Off           ;
; Ignore SOFT Buffers                                     ; On           ; On            ;
; Ignore LCELL Buffers                                    ; Off          ; Off           ;
; Ignore ROW GLOBAL Buffers                               ; Off          ; Off           ;
; Ignore GLOBAL Buffers                                   ; Off          ; Off           ;
; Ignore CASCADE Buffers                                  ; Off          ; Off           ;
; Ignore CARRY Buffers                                    ; Off          ; Off           ;
; Remove Duplicate Registers                              ; On           ; On            ;
; Remove Redundant Logic Cells                            ; Off          ; Off           ;
; Power-Up Don't Care                                     ; On           ; On            ;
; NOT Gate Push-Back                                      ; On           ; On            ;
; State Machine Processing                                ; Auto         ; Auto          ;
; VHDL Version                                            ; VHDL93       ; VHDL93        ;
; Verilog Version                                         ; Verilog_2001 ; Verilog_2001  ;
; Preserve fewer node names                               ; On           ; On            ;
; Disk space/compilation speed tradeoff                   ; Normal       ; Normal        ;
; Create Debugging Nodes for IP Cores                     ; off          ; off           ;
+---------------------------------------------------------+--------------+---------------+


+-------------------------------------------------+
; Analysis & Synthesis Default Parameter Settings ;
+--------------------------------------------------
; Name               ; Setting                    ;
+--------------------+----------------------------+
; CARRY_CHAIN        ; MANUAL                     ;
; CASCADE_CHAIN      ; MANUAL                     ;
; OPTIMIZE_FOR_SPEED ; 5                          ;
; STYLE              ; FAST                       ;
+--------------------+----------------------------+


+------------+
; Hierarchy  ;
+------------+
Sequencer


+------------------------------------------------------------------------------------------------------------------+
; State Machine - state                                                                                            ;
+-------------------------------------------------------------------------------------------------------------------
; Name          ; state~28 ; state~27 ; state~26 ; state~25 ; state~24 ; state~23 ; state~22 ; state~21 ; state~20 ;
+---------------+----------+----------+----------+----------+----------+----------+----------+----------+----------+
; state.set_mem ; 0        ; 0        ; 0        ; 0        ; 0        ; 0        ; 0        ; 0        ; 0        ;
; state.ir      ; 0        ; 0        ; 0        ; 0        ; 0        ; 0        ; 0        ; 1        ; 1        ;
; state.movl1   ; 0        ; 0        ; 0        ; 0        ; 0        ; 0        ; 1        ; 0        ; 1        ;
; state.movl2   ; 0        ; 0        ; 0        ; 0        ; 0        ; 1        ; 0        ; 0        ; 1        ;
; state.movr    ; 0        ; 0        ; 0        ; 0        ; 1        ; 0        ; 0        ; 0        ; 1        ;
; state.add     ; 0        ; 0        ; 0        ; 1        ; 0        ; 0        ; 0        ; 0        ; 1        ;
; state.sub     ; 0        ; 0        ; 1        ; 0        ; 0        ; 0        ; 0        ; 0        ; 1        ;
; state.print   ; 0        ; 1        ; 0        ; 0        ; 0        ; 0        ; 0        ; 0        ; 1        ;
; state.halt    ; 1        ; 0        ; 0        ; 0        ; 0        ; 0        ; 0        ; 0        ; 1        ;
+---------------+----------+----------+----------+----------+----------+----------+----------+----------+----------+


+----------------------------------------------------------------------------------------------------------------------------------------------------------------------------------------+
; Analysis & Synthesis Resource Utilization by Entity                                                                                                                                    ;
+-----------------------------------------------------------------------------------------------------------------------------------------------------------------------------------------
; Compilation Hierarchy Node ; Logic Cells ; Registers ; Memory Bits ; Pins ; Virtual Pins ; LUT-Only LCs ; Register-Only LCs ; LUT/Register LCs ; Carry Chain LCs ; Full Hierarchy Name ;
+----------------------------+-------------+-----------+-------------+------+--------------+--------------+-------------------+------------------+-----------------+---------------------+
; |Sequencer                 ; 26 (26)     ; 21        ; 0           ; 17   ; 0            ; 5 (5)        ; 9 (9)             ; 12 (12)          ; 0 (0)           ; |Sequencer          ;
+----------------------------+-------------+-----------+-------------+------+--------------+--------------+-------------------+------------------+-----------------+---------------------+


+---------------------------------+
; Analysis & Synthesis Equations  ;
+---------------------------------+
The equations can be found in D:/My Documents/_Documents/Quartus/Computers Systems/Practical 1/Sequencer/Sequencer.map.eqn.


+---------------------------------+
; Analysis & Synthesis Files Read ;
+----------------------------------
; File Name     ; Read            ;
+---------------+-----------------+
; Sequencer.vhd ; Read            ;
+---------------+-----------------+


+---------------------------------------------+
; Analysis & Synthesis Resource Usage Summary ;
+----------------------------------------------
; Resource                      ; Usage       ;
+-------------------------------+-------------+
; Logic cells                   ; 26          ;
; Total combinational functions ; 17          ;
; Total registers               ; 21          ;
; I/O pins                      ; 17          ;
; Maximum fan-out node          ; clk         ;
; Maximum fan-out               ; 21          ;
; Total fan-out                 ; 120         ;
; Average fan-out               ; 2.79        ;
+-------------------------------+-------------+


+----------------------------------------------------------------+
; WYSIWYG Cells                                                  ;
+-----------------------------------------------------------------
; Statistic                                              ; Value ;
+--------------------------------------------------------+-------+
; Number of WYSIWYG cells                                ; 0     ;
; Number of synthesis-generated cells                    ; 26    ;
; Number of WYSIWYG LUTs                                 ; 0     ;
; Number of synthesis-generated LUTs                     ; 17    ;
; Number of WYSIWYG registers                            ; 0     ;
; Number of synthesis-generated registers                ; 21    ;
; Number of cells with combinational logic only          ; 5     ;
; Number of cells with registers only                    ; 9     ;
; Number of cells with combinational logic and registers ; 12    ;
+--------------------------------------------------------+-------+


+----------------------------------------------+
; General Register Statistics                  ;
+-----------------------------------------------
; Statistic                            ; Value ;
+--------------------------------------+-------+
; Number of registers using SCLR       ; 0     ;
; Number of registers using SLOAD      ; 0     ;
; Number of registers using ACLR       ; 9     ;
; Number of registers using ALOAD      ; 0     ;
; Number of registers using CLK_ENABLE ; 12    ;
; Number of registers using OE         ; 0     ;
; Number of registers using PRESET     ; 0     ;
+--------------------------------------+-------+


+--------------------------------+
; Analysis & Synthesis Messages  ;
+--------------------------------+
Info: *******************************************************************
Info: Running Quartus II Analysis & Synthesis
    Info: Version 4.0 Build 214 3/25/2004 Service Pack 1 SJ Web Edition
    Info: Processing started: Thu Jul 31 18:42:10 2008
Info: Command: quartus_map --import_settings_files=on --export_settings_files=off Sequencer -c Sequencer
Info: Found 2 design units and 1 entities in source file Sequencer.vhd
    Info: Found design unit 1: Sequencer-Behavior
    Info: Found entity 1: Sequencer
Info: State machine |Sequencer|state contains 9 states and 0 state bits
Info: Selected Auto state machine encoding method for state machine |Sequencer|state
Info: Encoding result for state machine |Sequencer|state
    Info: Completed encoding using 9 state bits
        Info: Encoded state bit state~28
        Info: Encoded state bit state~27
        Info: Encoded state bit state~26
        Info: Encoded state bit state~25
        Info: Encoded state bit state~24
        Info: Encoded state bit state~23
        Info: Encoded state bit state~22
        Info: Encoded state bit state~21
        Info: Encoded state bit state~20
    Info: State |Sequencer|state.set_mem uses code string 000000000
    Info: State |Sequencer|state.ir uses code string 000000011
    Info: State |Sequencer|state.movl1 uses code string 000000101
    Info: State |Sequencer|state.movl2 uses code string 000001001
    Info: State |Sequencer|state.movr uses code string 000010001
    Info: State |Sequencer|state.add uses code string 000100001
    Info: State |Sequencer|state.sub uses code string 001000001
    Info: State |Sequencer|state.print uses code string 010000001
    Info: State |Sequencer|state.halt uses code string 100000001
Warning: Feature Netlist Optimizations is not available with your current license
Info: Implemented 43 device resources after synthesis - the final resource count might be different
    Info: Implemented 5 input pins
    Info: Implemented 12 output pins
    Info: Implemented 26 logic cells
Info: Quartus II Analysis & Synthesis was successful. 0 errors, 1 warning
    Info: Processing ended: Thu Jul 31 18:42:11 2008
    Info: Elapsed time: 00:00:01


